[12:03:22] [Server thread/INFO]: Starting minecraft server version 1.12.2
[12:03:22] [Server thread/INFO]: Loading properties
[12:03:23] [Server thread/INFO]: Default game type: SURVIVAL
[12:03:23] [Server thread/INFO]: Generating keypair
[12:03:23] [Server thread/INFO]: Starting Minecraft server on *:25565
[12:03:23] [Server thread/INFO]: Using epoll channel type
[12:03:23] [Server thread/WARN]: **** SERVER IS RUNNING IN OFFLINE/INSECURE MODE!
[12:03:23] [Server thread/WARN]: The server will make no attempt to authenticate usernames. Beware.
[12:03:23] [Server thread/WARN]: While this makes the game possible to play without internet access, it also opens up the ability for hackers to connect with any username they choose.
[12:03:23] [Server thread/WARN]: To change this, set "online-mode" to "true" in the server.properties file.
[12:03:23] [Server thread/INFO]: Preparing level "world"
[12:03:24] [Server thread/INFO]: Loaded 488 advancements
[12:03:24] [Server thread/INFO]: Preparing start region for level 0
[12:03:25] [Server thread/INFO]: Preparing spawn area: 0%
[12:03:26] [Server thread/INFO]: Preparing spawn area: 7%
[12:03:27] [Server thread/INFO]: Preparing spawn area: 9%
[12:03:28] [Server thread/INFO]: Preparing spawn area: 12%
[12:03:29] [Server thread/INFO]: Preparing spawn area: 15%
[12:03:30] [Server thread/INFO]: Preparing spawn area: 18%
[12:03:31] [Server thread/INFO]: Preparing spawn area: 22%
[12:03:32] [Server thread/INFO]: Preparing spawn area: 25%
[12:03:33] [Server thread/INFO]: Preparing spawn area: 29%
[12:03:35] [Server thread/INFO]: Preparing spawn area: 35%
[12:03:36] [Server thread/INFO]: Preparing spawn area: 39%
[12:03:37] [Server thread/INFO]: Preparing spawn area: 45%
[12:03:38] [Server thread/INFO]: Preparing spawn area: 51%
[12:03:39] [Server thread/INFO]: Preparing spawn area: 57%
[12:03:40] [Server thread/INFO]: Preparing spawn area: 63%
[12:03:41] [Server thread/INFO]: Done (17.114s)! For help, type "help" or "?"
[12:03:41] [Server thread/INFO]: Stopping server
[12:03:41] [Server thread/INFO]: Saving players
[12:03:41] [Server thread/INFO]: Saving worlds
[12:03:41] [Server thread/INFO]: Saving chunks for level 'world'/overworld
[12:03:41] [Server Shutdown Thread/INFO]: Stopping server
[12:03:41] [Server Shutdown Thread/INFO]: Saving players
